1554717019577:test
1554717775149:t2
1554718093090:ReadFromFile2
1554718113788:test
1554718145657:readfile
1554718538056:read_public_key
1554720136692:read_private_key
1554720274090:read_public_key
1554720663808:read_private_key()
1554720668484:read_private_key
1554720677995:read_public_key
1554726143543:read_private_key
1554726284536:encrypt
1554726471319:read_public_key
1554727171188:encrypt
1554730561284:decrypt
1554732410307:generate_keys pgpSecretKeyRing2.skr pgpPublicKeyRing2.pkr test2@eurodyn.com 123456
1554732470420:read_public_key pgpPublicKeyRing2.pkr
1554732485804:read_private_key pgpPublicKeyRing2.pkr
1554732544948:read_private_key pgpSecretKeyRing2.skr
1554732623549:encrypt Hello12345654321 fileEnc2.enc pgpPublicKeyRing2.pkr
1554733315403:decrypt fileEnc2.enc pgpSecretKeyRing2.skr
1554736432264:create_user user1@user 123456
1554736570629:create_user sdsd@gmail.com 112233
1554736859586:create_user fdfdff 32323
1554737201082:show_users
1554795880327:HelpCommands - help
1554795886468:- help
1554795891683:-help
1554795901676:HelpCommands
1554795906083:help
1554796279344:create_user helias 112233
1554796329520:show_users
1554796408732:export_private_key 2
1554796444140:export_public_key 2
1554796696730:encrypt_by_user HelloByMe user.enc 2
1554796832690:decrypt_by_user user.enc 2
1554797073924:help
1554797100083:export_public_key 2
1554797110819:export_public_key 2 keyfile
1554797118618:export_public_key 2
1554797136021:export_public_key 2 user21122.kpr
1557829091779:help
1557829116155:show_users
1557829126632:help
1558360613972:info
1558360617193:help
1558947846447:show_users
1558947911927:help
1558947988809:create_user
1558948000865:users_list
1558948007545:user_list
1558948010544:help
1558948020081:show_users
1558948204466:help
1558965911457:scenario1
1559034123287:test
1559036737067:scenario2
1559044857535:scenario3
1559116958494:rrr
1559117494998:scenario4
1559119206297:scenario 4
1559119212732:scenario4
1559122982976:lll
1559136776943:scenario4
1559138056407:clst
1559138297328:scenario4
1559138829662:readfirst2lines
1559138890012:scenario4
1559138956525:readfirst2lines
1559138995346:scenario4
1559285594177:help
1559806831753:test3
1560758221797:help
1560758227113:scenario4
1560761420699:test
1560951174497:timetest
1560952868536:timetet
1560952876899:timetest
1560952987218:dataDencrypted
1560952989472:timetest
1560953735638:timetests 100
1560954058401:timetests
1560954090752:timetest
1560954097909:timetests 100
1560954579184:timetestes 100
1560954583798:timetests 100
1561540989642:timetest 1
1561540996404:timetest 100
1561541038370:timetests 100
1561541098790:timetest
1561541130499:timetests 100
1561541156756:timetests 10000000
1561542032390:timetests 100000
1561543292984:timetest 1000000
1561543305916:timetests 1000000
1561546981093:timetest
1561547042192:timetests 100
1561547117560:timetests 100000
1561554989006:timetests 1024
1561556290863:timetests 512
1561557017717:timetests 124
1561557626932:timetests 100000
1561631560144:timetests 100
1561632174516:timetests2 100
1561632227162:timetests 100
1561632236769:timetest2 100
1561632245613:timetests2 100
1561632476933:timetest2 100
1561632490154:timetests2 100
1561632553557:timetests2 10
1561632705750:timetests2 100
1561634024291:timetests2 12
1561634274536:timetests2 1024
1561634865289:timetests2 100000
1561707044014:aesloop 100
1561707053540:aescommonloop 100
1561708230473:aesloop 10
1561708301257:aesloop 100
1561708306856:aes
1561708344799:aes 100
1561708351344:aesloop 100
1561708549954:aes
1561708561815:ars
1561708563718:aes
1561709035606:are
1561709037437:aew
1561709039563:aes
1561709247645:aescommon
1561711189228:aesv
1561711199290:aes
1561711202322:aesv
1561711391686:rgettime
1561712515646:aesv
1561712575419:aescommon
1561713145330:aesv
1561713166291:aes
1561713275343:pgp
1561713297655:aes
1561713324957:rgettime
1561713477822:pgp
1561713490096:aes
1561713501567:aesv
1561715738313:aesncryptiond
1561715831773:aesncryption
1561715834079:aesncryptiond
1561719752039:help
1561719761462:aesncryption_loop 100
1561720081494:detailresults false
1561720085443:detailresults 0
1561720093820:detailresults
1561720127812:help
1561720136638:aesncryption_loop 10
1561720150544:aesncryptionbc_loop 10
1561720193767:aesncryptionbc_loop
1561720199478:aesncryptionbc_loop 10
1561720212031:aesncryption_loop
1561720217671:aesncryption_loop 10
1561720223987:aesncryption_loop
1561720229143:aesncryption_loop 10
1561720299160:aesncryptiond 10
1561720307825:aesncryptiond_loop 10
1561720396865:help
1561720405722:datasize 1000000
1561720494621:aesncryption 1024
1561720523892:aesncryption_loop 10
1561720540118:aesncryption_loop 1024
1561721114388:help
1561721126821:datasize 1000000
1561721146719:aesncryption_loop 1024
1561721430962:datasize 100000000
1561721457440:aesncryption_loop 12
1561721595466:datasize 10000000
1561721616786:aesncryption_loop 124
1561723176720:datasize 000000
1561723193337:aesncryption_loop 512
1561723375609:datasize 2000000
1561723389713:aesncryption_loop 512
1561723775482:datasize 1-
1561723779001:datasize 10
1561723804467:aesncryption_loop 1000
1561724091571:datasize 1000
1561724103756:aesncryption_loop 1000
1561724561149:datasize 100000000
1561724570796:aesncryption_loop 12
1561724606651:help
1561724617138:pgpencryption_loop 12
1561733151448:rsaencryption
1561734078418:rsaencryption_loop 100
1561734251639:datasize 10
1561734260663:rsaencryption_loop 100
1561734559677:datasize 1000
1561734567629:rsaencryption_loop 100
